[2024-12-24 06:16:10] local.INFO: sdfsfdsf  
[2024-12-24 06:28:07] testing.INFO: token fetch in session: fake-jwt-token  
[2024-12-27 01:32:10] local.ERROR: cURL error 52: Empty reply from server (see https://curl.haxx.se/libcurl/c/libcurl-errors.html) for https://www.googleapis.com/oauth2/v4/token {"exception":"[object] (GuzzleHttp\\Exception\\ConnectException(code: 0): cURL error 52: Empty reply from server (see https://curl.haxx.se/libcurl/c/libcurl-errors.html) for https://www.googleapis.com/oauth2/v4/token at C:\\Users\\John Kristan\\Desktop\\QuickQuill\\server\\vendor\\guzzlehttp\\guzzle\\src\\Handler\\CurlFactory.php:275)
[stacktrace]
#0 C:\\Users\\John Kristan\\Desktop\\QuickQuill\\server\\vendor\\guzzlehttp\\guzzle\\src\\Handler\\CurlFactory.php(205): GuzzleHttp\\Handler\\CurlFactory::createRejection()
#1 C:\\Users\\John Kristan\\Desktop\\QuickQuill\\server\\vendor\\guzzlehttp\\guzzle\\src\\Handler\\CurlFactory.php(157): GuzzleHttp\\Handler\\CurlFactory::finishError()
#2 C:\\Users\\John Kristan\\Desktop\\QuickQuill\\server\\vendor\\guzzlehttp\\guzzle\\src\\Handler\\CurlHandler.php(47): GuzzleHttp\\Handler\\CurlFactory::finish()
#3 C:\\Users\\John Kristan\\Desktop\\QuickQuill\\server\\vendor\\guzzlehttp\\guzzle\\src\\Handler\\Proxy.php(28): GuzzleHttp\\Handler\\CurlHandler->__invoke()
#4 C:\\Users\\John Kristan\\Desktop\\QuickQuill\\server\\vendor\\guzzlehttp\\guzzle\\src\\Handler\\Proxy.php(48): GuzzleHttp\\Handler\\Proxy::GuzzleHttp\\Handler\\{closure}()
#5 C:\\Users\\John Kristan\\Desktop\\QuickQuill\\server\\vendor\\guzzlehttp\\guzzle\\src\\PrepareBodyMiddleware.php(64): GuzzleHttp\\Handler\\Proxy::GuzzleHttp\\Handler\\{closure}()
#6 C:\\Users\\John Kristan\\Desktop\\QuickQuill\\server\\vendor\\guzzlehttp\\guzzle\\src\\Middleware.php(31): GuzzleHttp\\PrepareBodyMiddleware->__invoke()
#7 C:\\Users\\John Kristan\\Desktop\\QuickQuill\\server\\vendor\\guzzlehttp\\guzzle\\src\\RedirectMiddleware.php(71): GuzzleHttp\\Middleware::GuzzleHttp\\{closure}()
#8 C:\\Users\\John Kristan\\Desktop\\QuickQuill\\server\\vendor\\guzzlehttp\\guzzle\\src\\Middleware.php(66): GuzzleHttp\\RedirectMiddleware->__invoke()
#9 C:\\Users\\John Kristan\\Desktop\\QuickQuill\\server\\vendor\\guzzlehttp\\guzzle\\src\\HandlerStack.php(75): GuzzleHttp\\Middleware::GuzzleHttp\\{closure}()
#10 C:\\Users\\John Kristan\\Desktop\\QuickQuill\\server\\vendor\\guzzlehttp\\guzzle\\src\\Client.php(333): GuzzleHttp\\HandlerStack->__invoke()
#11 C:\\Users\\John Kristan\\Desktop\\QuickQuill\\server\\vendor\\guzzlehttp\\guzzle\\src\\Client.php(169): GuzzleHttp\\Client->transfer()
#12 C:\\Users\\John Kristan\\Desktop\\QuickQuill\\server\\vendor\\guzzlehttp\\guzzle\\src\\Client.php(189): GuzzleHttp\\Client->requestAsync()
#13 C:\\Users\\John Kristan\\Desktop\\QuickQuill\\server\\vendor\\guzzlehttp\\guzzle\\src\\ClientTrait.php(95): GuzzleHttp\\Client->request()
#14 C:\\Users\\John Kristan\\Desktop\\QuickQuill\\server\\vendor\\laravel\\socialite\\src\\Two\\AbstractProvider.php(301): GuzzleHttp\\Client->post()
#15 C:\\Users\\John Kristan\\Desktop\\QuickQuill\\server\\vendor\\laravel\\socialite\\src\\Two\\AbstractProvider.php(240): Laravel\\Socialite\\Two\\AbstractProvider->getAccessTokenResponse()
#16 C:\\Users\\John Kristan\\Desktop\\QuickQuill\\server\\app\\Http\\Controllers\\AuthController.php(27): Laravel\\Socialite\\Two\\AbstractProvider->user()
#17 C:\\Users\\John Kristan\\Desktop\\QuickQuill\\server\\vendor\\laravel\\framework\\src\\Illuminate\\Routing\\ControllerDispatcher.php(47): App\\Http\\Controllers\\AuthController->handleGoogleCallback()
#18 C:\\Users\\John Kristan\\Desktop\\QuickQuill\\server\\vendor\\laravel\\framework\\src\\Illuminate\\Routing\\Route.php(266): Illuminate\\Routing\\ControllerDispatcher->dispatch()
#19 C:\\Users\\John Kristan\\Desktop\\QuickQuill\\server\\vendor\\laravel\\framework\\src\\Illuminate\\Routing\\Route.php(212): Illuminate\\Routing\\Route->runController()
#20 C:\\Users\\John Kristan\\Desktop\\QuickQuill\\server\\vendor\\laravel\\framework\\src\\Illuminate\\Routing\\Router.php(808): Illuminate\\Routing\\Route->run()
#21 C:\\Users\\John Kristan\\Desktop\\QuickQuill\\server\\vendor\\laravel\\framework\\src\\Illuminate\\Pipeline\\Pipeline.php(144): Illuminate\\Routing\\Router->Illuminate\\Routing\\{closure}()
#22 C:\\Users\\John Kristan\\Desktop\\QuickQuill\\server\\vendor\\laravel\\framework\\src\\Illuminate\\Auth\\Middleware\\RedirectIfAuthenticated.php(35): Illuminate\\Pipeline\\Pipeline->Illuminate\\Pipeline\\{closure}()
#23 C:\\Users\\John Kristan\\Desktop\\QuickQuill\\server\\vendor\\laravel\\framework\\src\\Illuminate\\Pipeline\\Pipeline.php(183): Illuminate\\Auth\\Middleware\\RedirectIfAuthenticated->handle()
#24 C:\\Users\\John Kristan\\Desktop\\QuickQuill\\server\\vendor\\laravel\\framework\\src\\Illuminate\\Routing\\Middleware\\SubstituteBindings.php(51): Illuminate\\Pipeline\\Pipeline->Illuminate\\Pipeline\\{closure}()
#25 C:\\Users\\John Kristan\\Desktop\\QuickQuill\\server\\vendor\\laravel\\framework\\src\\Illuminate\\Pipeline\\Pipeline.php(183): Illuminate\\Routing\\Middleware\\SubstituteBindings->handle()
#26 C:\\Users\\John Kristan\\Desktop\\QuickQuill\\server\\vendor\\laravel\\framework\\src\\Illuminate\\Foundation\\Http\\Middleware\\VerifyCsrfToken.php(88): Illuminate\\Pipeline\\Pipeline->Illuminate\\Pipeline\\{closure}()
#27 C:\\Users\\John Kristan\\Desktop\\QuickQuill\\server\\vendor\\laravel\\framework\\src\\Illuminate\\Pipeline\\Pipeline.php(183): Illuminate\\Foundation\\Http\\Middleware\\VerifyCsrfToken->handle()
#28 C:\\Users\\John Kristan\\Desktop\\QuickQuill\\server\\vendor\\laravel\\framework\\src\\Illuminate\\View\\Middleware\\ShareErrorsFromSession.php(49): Illuminate\\Pipeline\\Pipeline->Illuminate\\Pipeline\\{closure}()
#29 C:\\Users\\John Kristan\\Desktop\\QuickQuill\\server\\vendor\\laravel\\framework\\src\\Illuminate\\Pipeline\\Pipeline.php(183): Illuminate\\View\\Middleware\\ShareErrorsFromSession->handle()
#30 C:\\Users\\John Kristan\\Desktop\\QuickQuill\\server\\vendor\\laravel\\framework\\src\\Illuminate\\Session\\Middleware\\StartSession.php(121): Illuminate\\Pipeline\\Pipeline->Illuminate\\Pipeline\\{closure}()
#31 C:\\Users\\John Kristan\\Desktop\\QuickQuill\\server\\vendor\\laravel\\framework\\src\\Illuminate\\Session\\Middleware\\StartSession.php(64): Illuminate\\Session\\Middleware\\StartSession->handleStatefulRequest()
#32 C:\\Users\\John Kristan\\Desktop\\QuickQuill\\server\\vendor\\laravel\\framework\\src\\Illuminate\\Pipeline\\Pipeline.php(183): Illuminate\\Session\\Middleware\\StartSession->handle()
#33 C:\\Users\\John Kristan\\Desktop\\QuickQuill\\server\\vendor\\laravel\\framework\\src\\Illuminate\\Cookie\\Middleware\\AddQueuedCookiesToResponse.php(37): Illuminate\\Pipeline\\Pipeline->Illuminate\\Pipeline\\{closure}()
#34 C:\\Users\\John Kristan\\Desktop\\QuickQuill\\server\\vendor\\laravel\\framework\\src\\Illuminate\\Pipeline\\Pipeline.php(183): Illuminate\\Cookie\\Middleware\\AddQueuedCookiesToResponse->handle()
#35 C:\\Users\\John Kristan\\Desktop\\QuickQuill\\server\\vendor\\laravel\\framework\\src\\Illuminate\\Cookie\\Middleware\\EncryptCookies.php(75): Illuminate\\Pipeline\\Pipeline->Illuminate\\Pipeline\\{closure}()
#36 C:\\Users\\John Kristan\\Desktop\\QuickQuill\\server\\vendor\\laravel\\framework\\src\\Illuminate\\Pipeline\\Pipeline.php(183): Illuminate\\Cookie\\Middleware\\EncryptCookies->handle()
#37 C:\\Users\\John Kristan\\Desktop\\QuickQuill\\server\\vendor\\laravel\\framework\\src\\Illuminate\\Pipeline\\Pipeline.php(119): Illuminate\\Pipeline\\Pipeline->Illuminate\\Pipeline\\{closure}()
#38 C:\\Users\\John Kristan\\Desktop\\QuickQuill\\server\\vendor\\laravel\\framework\\src\\Illuminate\\Routing\\Router.php(807): Illuminate\\Pipeline\\Pipeline->then()
#39 C:\\Users\\John Kristan\\Desktop\\QuickQuill\\server\\vendor\\laravel\\framework\\src\\Illuminate\\Routing\\Router.php(786): Illuminate\\Routing\\Router->runRouteWithinStack()
#40 C:\\Users\\John Kristan\\Desktop\\QuickQuill\\server\\vendor\\laravel\\framework\\src\\Illuminate\\Routing\\Router.php(750): Illuminate\\Routing\\Router->runRoute()
#41 C:\\Users\\John Kristan\\Desktop\\QuickQuill\\server\\vendor\\laravel\\framework\\src\\Illuminate\\Routing\\Router.php(739): Illuminate\\Routing\\Router->dispatchToRoute()
#42 C:\\Users\\John Kristan\\Desktop\\QuickQuill\\server\\vendor\\laravel\\framework\\src\\Illuminate\\Foundation\\Http\\Kernel.php(201): Illuminate\\Routing\\Router->dispatch()
#43 C:\\Users\\John Kristan\\Desktop\\QuickQuill\\server\\vendor\\laravel\\framework\\src\\Illuminate\\Pipeline\\Pipeline.php(144): Illuminate\\Foundation\\Http\\Kernel->Illuminate\\Foundation\\Http\\{closure}()
#44 C:\\Users\\John Kristan\\Desktop\\QuickQuill\\server\\vendor\\laravel\\framework\\src\\Illuminate\\Foundation\\Http\\Middleware\\TransformsRequest.php(21): Illuminate\\Pipeline\\Pipeline->Illuminate\\Pipeline\\{closure}()
#45 C:\\Users\\John Kristan\\Desktop\\QuickQuill\\server\\vendor\\laravel\\framework\\src\\Illuminate\\Foundation\\Http\\Middleware\\ConvertEmptyStringsToNull.php(31): Illuminate\\Foundation\\Http\\Middleware\\TransformsRequest->handle()
#46 C:\\Users\\John Kristan\\Desktop\\QuickQuill\\server\\vendor\\laravel\\framework\\src\\Illuminate\\Pipeline\\Pipeline.php(183): Illuminate\\Foundation\\Http\\Middleware\\ConvertEmptyStringsToNull->handle()
#47 C:\\Users\\John Kristan\\Desktop\\QuickQuill\\server\\vendor\\laravel\\framework\\src\\Illuminate\\Foundation\\Http\\Middleware\\TransformsRequest.php(21): Illuminate\\Pipeline\\Pipeline->Illuminate\\Pipeline\\{closure}()
#48 C:\\Users\\John Kristan\\Desktop\\QuickQuill\\server\\vendor\\laravel\\framework\\src\\Illuminate\\Foundation\\Http\\Middleware\\TrimStrings.php(51): Illuminate\\Foundation\\Http\\Middleware\\TransformsRequest->handle()
#49 C:\\Users\\John Kristan\\Desktop\\QuickQuill\\server\\vendor\\laravel\\framework\\src\\Illuminate\\Pipeline\\Pipeline.php(183): Illuminate\\Foundation\\Http\\Middleware\\TrimStrings->handle()
#50 C:\\Users\\John Kristan\\Desktop\\QuickQuill\\server\\vendor\\laravel\\framework\\src\\Illuminate\\Http\\Middleware\\ValidatePostSize.php(27): Illuminate\\Pipeline\\Pipeline->Illuminate\\Pipeline\\{closure}()
#51 C:\\Users\\John Kristan\\Desktop\\QuickQuill\\server\\vendor\\laravel\\framework\\src\\Illuminate\\Pipeline\\Pipeline.php(183): Illuminate\\Http\\Middleware\\ValidatePostSize->handle()
#52 C:\\Users\\John Kristan\\Desktop\\QuickQuill\\server\\vendor\\laravel\\framework\\src\\Illuminate\\Foundation\\Http\\Middleware\\PreventRequestsDuringMaintenance.php(110): Illuminate\\Pipeline\\Pipeline->Illuminate\\Pipeline\\{closure}()
#53 C:\\Users\\John Kristan\\Desktop\\QuickQuill\\server\\vendor\\laravel\\framework\\src\\Illuminate\\Pipeline\\Pipeline.php(183): Illuminate\\Foundation\\Http\\Middleware\\PreventRequestsDuringMaintenance->handle()
#54 C:\\Users\\John Kristan\\Desktop\\QuickQuill\\server\\vendor\\laravel\\framework\\src\\Illuminate\\Http\\Middleware\\HandleCors.php(62): Illuminate\\Pipeline\\Pipeline->Illuminate\\Pipeline\\{closure}()
#55 C:\\Users\\John Kristan\\Desktop\\QuickQuill\\server\\vendor\\laravel\\framework\\src\\Illuminate\\Pipeline\\Pipeline.php(183): Illuminate\\Http\\Middleware\\HandleCors->handle()
#56 C:\\Users\\John Kristan\\Desktop\\QuickQuill\\server\\vendor\\laravel\\framework\\src\\Illuminate\\Http\\Middleware\\TrustProxies.php(58): Illuminate\\Pipeline\\Pipeline->Illuminate\\Pipeline\\{closure}()
#57 C:\\Users\\John Kristan\\Desktop\\QuickQuill\\server\\vendor\\laravel\\framework\\src\\Illuminate\\Pipeline\\Pipeline.php(183): Illuminate\\Http\\Middleware\\TrustProxies->handle()
#58 C:\\Users\\John Kristan\\Desktop\\QuickQuill\\server\\vendor\\laravel\\framework\\src\\Illuminate\\Foundation\\Http\\Middleware\\InvokeDeferredCallbacks.php(22): Illuminate\\Pipeline\\Pipeline->Illuminate\\Pipeline\\{closure}()
#59 C:\\Users\\John Kristan\\Desktop\\QuickQuill\\server\\vendor\\laravel\\framework\\src\\Illuminate\\Pipeline\\Pipeline.php(183): Illuminate\\Foundation\\Http\\Middleware\\InvokeDeferredCallbacks->handle()
#60 C:\\Users\\John Kristan\\Desktop\\QuickQuill\\server\\vendor\\laravel\\framework\\src\\Illuminate\\Pipeline\\Pipeline.php(119): Illuminate\\Pipeline\\Pipeline->Illuminate\\Pipeline\\{closure}()
#61 C:\\Users\\John Kristan\\Desktop\\QuickQuill\\server\\vendor\\laravel\\framework\\src\\Illuminate\\Foundation\\Http\\Kernel.php(176): Illuminate\\Pipeline\\Pipeline->then()
#62 C:\\Users\\John Kristan\\Desktop\\QuickQuill\\server\\vendor\\laravel\\framework\\src\\Illuminate\\Foundation\\Http\\Kernel.php(145): Illuminate\\Foundation\\Http\\Kernel->sendRequestThroughRouter()
#63 C:\\Users\\John Kristan\\Desktop\\QuickQuill\\server\\vendor\\laravel\\framework\\src\\Illuminate\\Foundation\\Application.php(1190): Illuminate\\Foundation\\Http\\Kernel->handle()
#64 C:\\Users\\John Kristan\\Desktop\\QuickQuill\\server\\public\\index.php(17): Illuminate\\Foundation\\Application->handleRequest()
#65 C:\\Users\\John Kristan\\Desktop\\QuickQuill\\server\\vendor\\laravel\\framework\\src\\Illuminate\\Foundation\\resources\\server.php(23): require_once('...')
#66 {main}
"} 
[2024-12-27 01:32:10] local.ERROR: Maximum execution time of 30 seconds exceeded {"exception":"[object] (Symfony\\Component\\ErrorHandler\\Error\\FatalError(code: 0): Maximum execution time of 30 seconds exceeded at C:\\Users\\John Kristan\\Desktop\\QuickQuill\\server\\vendor\\symfony\\error-handler\\ErrorRenderer\\HtmlErrorRenderer.php:25)
[stacktrace]
#0 {main}
"} 
[2024-12-27 01:32:10] local.ERROR: Class "Symfony\Component\ErrorHandler\ErrorRenderer\HtmlErrorRenderer" not found {"exception":"[object] (Error(code: 0): Class \"Symfony\\Component\\ErrorHandler\\ErrorRenderer\\HtmlErrorRenderer\" not found at C:\\Users\\John Kristan\\Desktop\\QuickQuill\\server\\vendor\\laravel\\framework\\src\\Illuminate\\Foundation\\Exceptions\\Handler.php:877)
[stacktrace]
#0 C:\\Users\\John Kristan\\Desktop\\QuickQuill\\server\\vendor\\laravel\\framework\\src\\Illuminate\\Foundation\\Exceptions\\Handler.php(853): Illuminate\\Foundation\\Exceptions\\Handler->renderExceptionWithSymfony()
#1 C:\\Users\\John Kristan\\Desktop\\QuickQuill\\server\\vendor\\laravel\\framework\\src\\Illuminate\\Foundation\\Exceptions\\Handler.php(828): Illuminate\\Foundation\\Exceptions\\Handler->renderExceptionContent()
#2 C:\\Users\\John Kristan\\Desktop\\QuickQuill\\server\\vendor\\laravel\\framework\\src\\Illuminate\\Foundation\\Exceptions\\Handler.php(807): Illuminate\\Foundation\\Exceptions\\Handler->convertExceptionToResponse()
#3 C:\\Users\\John Kristan\\Desktop\\QuickQuill\\server\\vendor\\laravel\\framework\\src\\Illuminate\\Foundation\\Exceptions\\Handler.php(706): Illuminate\\Foundation\\Exceptions\\Handler->prepareResponse()
#4 C:\\Users\\John Kristan\\Desktop\\QuickQuill\\server\\vendor\\laravel\\framework\\src\\Illuminate\\Foundation\\Exceptions\\Handler.php(594): Illuminate\\Foundation\\Exceptions\\Handler->renderExceptionResponse()
#5 C:\\Users\\John Kristan\\Desktop\\QuickQuill\\server\\vendor\\laravel\\framework\\src\\Illuminate\\Foundation\\Bootstrap\\HandleExceptions.php(225): Illuminate\\Foundation\\Exceptions\\Handler->render()
#6 C:\\Users\\John Kristan\\Desktop\\QuickQuill\\server\\vendor\\laravel\\framework\\src\\Illuminate\\Foundation\\Bootstrap\\HandleExceptions.php(202): Illuminate\\Foundation\\Bootstrap\\HandleExceptions->renderHttpResponse()
#7 C:\\Users\\John Kristan\\Desktop\\QuickQuill\\server\\vendor\\laravel\\framework\\src\\Illuminate\\Foundation\\Bootstrap\\HandleExceptions.php(238): Illuminate\\Foundation\\Bootstrap\\HandleExceptions->handleException()
#8 C:\\Users\\John Kristan\\Desktop\\QuickQuill\\server\\vendor\\laravel\\framework\\src\\Illuminate\\Foundation\\Bootstrap\\HandleExceptions.php(290): Illuminate\\Foundation\\Bootstrap\\HandleExceptions->handleShutdown()
#9 [internal function]: Illuminate\\Foundation\\Bootstrap\\HandleExceptions->Illuminate\\Foundation\\Bootstrap\\{closure}()
#10 {main}
"} 
[2024-12-27 05:49:12] local.INFO: sdfsfdsf  
